0 info it worked if it ends with ok
1 verbose cli [ '/usr/local/Cellar/node/5.3.0/bin/node',
1 verbose cli   '/usr/local/bin/npm',
1 verbose cli   'run',
1 verbose cli   'bare-test' ]
2 info using npm@3.3.12
3 info using node@v5.3.0
4 verbose run-script [ 'prebare-test', 'bare-test', 'postbare-test' ]
5 info lifecycle HybridLetterbox@0.0.1~prebare-test: HybridLetterbox@0.0.1
6 silly lifecycle HybridLetterbox@0.0.1~prebare-test: no script for prebare-test, continuing
7 info lifecycle HybridLetterbox@0.0.1~bare-test: HybridLetterbox@0.0.1
8 verbose lifecycle HybridLetterbox@0.0.1~bare-test: unsafe-perm in lifecycle true
9 verbose lifecycle HybridLetterbox@0.0.1~bare-test: PATH: /usr/local/lib/node_modules/npm/bin/node-gyp-bin:/Volumes/Macdisk/Users/lutz/Projects/HybridLetterbox/src/server/node/node_modules/.bin:/usr/local/bin:/usr/bin:/bin:/usr/sbin:/sbin:/opt/X11/bin:/Volumes/Macdisk/Users/lutz/Develop/mongodb-osx-x86_64-enterprise-3.2.6/bin
10 verbose lifecycle HybridLetterbox@0.0.1~bare-test: CWD: /Volumes/Macdisk/Users/lutz/Projects/HybridLetterbox/src/server/node
11 silly lifecycle HybridLetterbox@0.0.1~bare-test: Args: [ '-c', 'mocha tests/main.js --reporter spec' ]
12 silly lifecycle HybridLetterbox@0.0.1~bare-test: Returned: code: 1  signal: null
13 info lifecycle HybridLetterbox@0.0.1~bare-test: Failed to exec bare-test script
14 verbose stack Error: HybridLetterbox@0.0.1 bare-test: `mocha tests/main.js --reporter spec`
14 verbose stack Exit status 1
14 verbose stack     at EventEmitter.<anonymous> (/usr/local/lib/node_modules/npm/lib/utils/lifecycle.js:232:16)
14 verbose stack     at emitTwo (events.js:87:13)
14 verbose stack     at EventEmitter.emit (events.js:172:7)
14 verbose stack     at ChildProcess.<anonymous> (/usr/local/lib/node_modules/npm/lib/utils/spawn.js:24:14)
14 verbose stack     at emitTwo (events.js:87:13)
14 verbose stack     at ChildProcess.emit (events.js:172:7)
14 verbose stack     at maybeClose (internal/child_process.js:818:16)
14 verbose stack     at Process.ChildProcess._handle.onexit (internal/child_process.js:211:5)
15 verbose pkgid HybridLetterbox@0.0.1
16 verbose cwd /Volumes/Macdisk/Users/lutz/Projects/HybridLetterbox/src/server/node
17 error Darwin 14.5.0
18 error argv "/usr/local/Cellar/node/5.3.0/bin/node" "/usr/local/bin/npm" "run" "bare-test"
19 error node v5.3.0
20 error npm  v3.3.12
21 error code ELIFECYCLE
22 error HybridLetterbox@0.0.1 bare-test: `mocha tests/main.js --reporter spec`
22 error Exit status 1
23 error Failed at the HybridLetterbox@0.0.1 bare-test script 'mocha tests/main.js --reporter spec'.
23 error Make sure you have the latest version of node.js and npm installed.
23 error If you do, this is most likely a problem with the HybridLetterbox package,
23 error not with npm itself.
23 error Tell the author that this fails on your system:
23 error     mocha tests/main.js --reporter spec
23 error You can get their info via:
23 error     npm owner ls HybridLetterbox
23 error There is likely additional logging output above.
24 verbose exit [ 1, true ]
